# JRE version: OpenJDK Runtime Environment Temurin-17.0.4+8 (17.0.4+8) (build 17.0.4+8)
# Java VM: OpenJDK 64-Bit Server VM Temurin-17.0.4+8 (17.0.4+8, mixed mode, emulated-client, tiered, compressed oops, compressed class ptrs, g1 gc, windows-amd64)
GC Precious Log:
 CPUs: 8 total, 8 available
 Memory: 8109M
 Large Page Support: Disabled
 NUMA Support: Disabled
 Compressed Oops: Enabled (32-bit)
 Heap Region Size: 1M
 Heap Min Capacity: 8M
 Heap Initial Capacity: 128M
 Heap Max Capacity: 2028M
 Pre-touch: Disabled
 Parallel Workers: 8
 Concurrent Workers: 2
 Concurrent Refinement Workers: 8
 Periodic GC: Disabled
Heap:
 garbage-first heap   total 109568K, used 37197K [0x0000000081400000, 0x0000000100000000)
  region size 1024K, 1 young (1024K), 0 survivors (0K)
 Metaspace       used 53940K, committed 54400K, reserved 1097728K
  class space    used 7147K, committed 7360K, reserved 1048576K
GC Heap History (20 events):
Event: 30154.725 GC heap before
{Heap before GC invocations=2858 (full 2811):
 garbage-first heap   total 109568K, used 37197K [0x0000000081400000, 0x0000000100000000)
  region size 1024K, 1 young (1024K), 0 survivors (0K)
 Metaspace       used 53940K, committed 54400K, reserved 1097728K
  class space    used 7147K, committed 7360K, reserved 1048576K
}
Event: 30154.819 GC heap after
{Heap after GC invocations=2859 (full 2812):
 garbage-first heap   total 109568K, used 37197K [0x0000000081400000, 0x0000000100000000)
  region size 1024K, 0 young (0K), 0 survivors (0K)
 Metaspace       used 53940K, committed 54400K, reserved 1097728K
  class space    used 7147K, committed 7360K, reserved 1048576K
}
Event: 30165.130 GC heap before
{Heap before GC invocations=2859 (full 2812):
 garbage-first heap   total 109568K, used 37197K [0x0000000081400000, 0x0000000100000000)
  region size 1024K, 1 young (1024K), 0 survivors (0K)
 Metaspace       used 53940K, committed 54400K, reserved 1097728K
  class space    used 7147K, committed 7360K, reserved 1048576K
}
Event: 30165.190 GC heap after
{Heap after GC invocations=2860 (full 2813):
 garbage-first heap   total 109568K, used 37197K [0x0000000081400000, 0x0000000100000000)
  region size 1024K, 0 young (0K), 0 survivors (0K)
 Metaspace       used 53940K, committed 54400K, reserved 1097728K
  class space    used 7147K, committed 7360K, reserved 1048576K
}
Event: 30175.447 GC heap before
{Heap before GC invocations=2860 (full 2813):
 garbage-first heap   total 109568K, used 37197K [0x0000000081400000, 0x0000000100000000)
  region size 1024K, 1 young (1024K), 0 survivors (0K)
 Metaspace       used 53940K, committed 54400K, reserved 1097728K
  class space    used 7147K, committed 7360K, reserved 1048576K
}
Event: 30175.530 GC heap after
{Heap after GC invocations=2861 (full 2814):
 garbage-first heap   total 109568K, used 37197K [0x0000000081400000, 0x0000000100000000)
  region size 1024K, 0 young (0K), 0 survivors (0K)
 Metaspace       used 53940K, committed 54400K, reserved 1097728K
  class space    used 7147K, committed 7360K, reserved 1048576K
}
Event: 30185.718 GC heap before
{Heap before GC invocations=2861 (full 2814):
 garbage-first heap   total 109568K, used 37197K [0x0000000081400000, 0x0000000100000000)
  region size 1024K, 1 young (1024K), 0 survivors (0K)
 Metaspace       used 53940K, committed 54400K, reserved 1097728K
  class space    used 7147K, committed 7360K, reserved 1048576K
}
Event: 30185.780 GC heap after
{Heap after GC invocations=2862 (full 2815):
 garbage-first heap   total 109568K, used 37197K [0x0000000081400000, 0x0000000100000000)
  region size 1024K, 0 young (0K), 0 survivors (0K)
 Metaspace       used 53940K, committed 54400K, reserved 1097728K
  class space    used 7147K, committed 7360K, reserved 1048576K
}
Event: 30196.021 GC heap before
{Heap before GC invocations=2862 (full 2815):
 garbage-first heap   total 109568K, used 37197K [0x0000000081400000, 0x0000000100000000)
  region size 1024K, 1 young (1024K), 0 survivors (0K)
 Metaspace       used 53940K, committed 54400K, reserved 1097728K
  class space    used 7147K, committed 7360K, reserved 1048576K
}
Event: 30196.103 GC heap after
{Heap after GC invocations=2863 (full 2816):
 garbage-first heap   total 109568K, used 37197K [0x0000000081400000, 0x0000000100000000)
  region size 1024K, 0 young (0K), 0 survivors (0K)
 Metaspace       used 53940K, committed 54400K, reserved 1097728K
  class space    used 7147K, committed 7360K, reserved 1048576K
}
Event: 30206.409 GC heap before
{Heap before GC invocations=2863 (full 2816):
 garbage-first heap   total 109568K, used 37197K [0x0000000081400000, 0x0000000100000000)
  region size 1024K, 1 young (1024K), 0 survivors (0K)
 Metaspace       used 53940K, committed 54400K, reserved 1097728K
  class space    used 7147K, committed 7360K, reserved 1048576K
}
Event: 30206.503 GC heap after
{Heap after GC invocations=2864 (full 2817):
 garbage-first heap   total 109568K, used 37197K [0x0000000081400000, 0x0000000100000000)
  region size 1024K, 0 young (0K), 0 survivors (0K)
 Metaspace       used 53940K, committed 54400K, reserved 1097728K
  class space    used 7147K, committed 7360K, reserved 1048576K
}
Event: 30216.701 GC heap before
{Heap before GC invocations=2864 (full 2817):
 garbage-first heap   total 109568K, used 37197K [0x0000000081400000, 0x0000000100000000)
  region size 1024K, 1 young (1024K), 0 survivors (0K)
 Metaspace       used 53940K, committed 54400K, reserved 1097728K
  class space    used 7147K, committed 7360K, reserved 1048576K
}
Event: 30216.787 GC heap after
{Heap after GC invocations=2865 (full 2818):
 garbage-first heap   total 109568K, used 37197K [0x0000000081400000, 0x0000000100000000)
  region size 1024K, 0 young (0K), 0 survivors (0K)
 Metaspace       used 53940K, committed 54400K, reserved 1097728K
  class space    used 7147K, committed 7360K, reserved 1048576K
}
Event: 30227.083 GC heap before
{Heap before GC invocations=2865 (full 2818):
 garbage-first heap   total 109568K, used 37197K [0x0000000081400000, 0x0000000100000000)
  region size 1024K, 1 young (1024K), 0 survivors (0K)
 Metaspace       used 53940K, committed 54400K, reserved 1097728K
  class space    used 7147K, committed 7360K, reserved 1048576K
}
Event: 30227.142 GC heap after
{Heap after GC invocations=2866 (full 2819):
 garbage-first heap   total 109568K, used 37197K [0x0000000081400000, 0x0000000100000000)
  region size 1024K, 0 young (0K), 0 survivors (0K)
 Metaspace       used 53940K, committed 54400K, reserved 1097728K
  class space    used 7147K, committed 7360K, reserved 1048576K
}
Event: 30237.363 GC heap before
{Heap before GC invocations=2866 (full 2819):
 garbage-first heap   total 109568K, used 37197K [0x0000000081400000, 0x0000000100000000)
  region size 1024K, 1 young (1024K), 0 survivors (0K)
 Metaspace       used 53940K, committed 54400K, reserved 1097728K
  class space    used 7147K, committed 7360K, reserved 1048576K
}
Event: 30237.446 GC heap after
{Heap after GC invocations=2867 (full 2820):
 garbage-first heap   total 109568K, used 37197K [0x0000000081400000, 0x0000000100000000)
  region size 1024K, 0 young (0K), 0 survivors (0K)
 Metaspace       used 53940K, committed 54400K, reserved 1097728K
  class space    used 7147K, committed 7360K, reserved 1048576K
}
Event: 30247.696 GC heap before
{Heap before GC invocations=2867 (full 2820):
 garbage-first heap   total 109568K, used 37197K [0x0000000081400000, 0x0000000100000000)
  region size 1024K, 1 young (1024K), 0 survivors (0K)
 Metaspace       used 53940K, committed 54400K, reserved 1097728K
  class space    used 7147K, committed 7360K, reserved 1048576K
}
Event: 30247.793 GC heap after
{Heap after GC invocations=2868 (full 2821):
 garbage-first heap   total 109568K, used 37197K [0x0000000081400000, 0x0000000100000000)
  region size 1024K, 0 young (0K), 0 survivors (0K)
 Metaspace       used 53940K, committed 54400K, reserved 1097728K
  class space    used 7147K, committed 7360K, reserved 1048576K
}

